yarn run v1.22.22
$ storybook build --output-dir /tmp/chromatic--71865-018uYEyNvy9y
@storybook/cli v7.6.6

info => Cleaning outputDir: /tmp/chromatic--71865-018uYEyNvy9y
info => Loading presets
WARN Could not resolve addon "@storybook/addon-a11y", skipping. Is it installed?
WARN Could not resolve addon "@storybook/addon-a11y", skipping. Is it installed?
info => Building manager..
info => Manager built (204 ms)
info => Building preview..
info => Copying static files: /home/mohammed/Desktop/taskbox/node_modules/@storybook/manager/static at /tmp/chromatic--71865-018uYEyNvy9y/sb-common-assets
info => Copying static files: /home/mohammed/Desktop/taskbox/public at /tmp/chromatic--71865-018uYEyNvy9y/
vite v4.5.1 building for production...
transforming...
✓ 562 modules transformed.
rendering chunks...
computing gzip size...
../../../../tmp/chromatic--71865-018uYEyNvy9y/iframe.html                                     12.58 kB │ gzip:   3.58 kB
../../../../tmp/chromatic--71865-018uYEyNvy9y/assets/percolate-dac75269.ttf                   34.04 kB
../../../../tmp/chromatic--71865-018uYEyNvy9y/assets/percolate-ec979d96.woff                  34.11 kB
../../../../tmp/chromatic--71865-018uYEyNvy9y/assets/percolate-5ed633c2.eot                   34.21 kB
../../../../tmp/chromatic--71865-018uYEyNvy9y/assets/percolate-d13fa91b.svg                  140.51 kB │ gzip:  47.50 kB
../../../../tmp/chromatic--71865-018uYEyNvy9y/assets/preview-dd25d82c.css                      6.87 kB │ gzip:   2.06 kB
../../../../tmp/chromatic--71865-018uYEyNvy9y/assets/preview-25c7db9f.js                       0.15 kB │ gzip:   0.15 kB
../../../../tmp/chromatic--71865-018uYEyNvy9y/assets/WithTooltip-V3YHNWJZ-47a1e498.js          0.39 kB │ gzip:   0.25 kB
../../../../tmp/chromatic--71865-018uYEyNvy9y/assets/syntaxhighlighter-V7JZZA35-775b8f32.js    0.40 kB │ gzip:   0.27 kB
../../../../tmp/chromatic--71865-018uYEyNvy9y/assets/preview-f41b405e.js                       0.47 kB │ gzip:   0.31 kB
../../../../tmp/chromatic--71865-018uYEyNvy9y/assets/index-3fd0d1ea.js                         0.58 kB │ gzip:   0.35 kB
../../../../tmp/chromatic--71865-018uYEyNvy9y/assets/preview-73104b77.js                       0.64 kB │ gzip:   0.44 kB
../../../../tmp/chromatic--71865-018uYEyNvy9y/assets/_commonjsHelpers-de833af9.js              0.69 kB │ gzip:   0.38 kB
../../../../tmp/chromatic--71865-018uYEyNvy9y/assets/index-356e4a49.js                         0.77 kB │ gzip:   0.47 kB
../../../../tmp/chromatic--71865-018uYEyNvy9y/assets/index-8d47fad6.js                         0.80 kB │ gzip:   0.52 kB
../../../../tmp/chromatic--71865-018uYEyNvy9y/assets/preview-0ef86afd.js                       0.86 kB │ gzip:   0.55 kB
../../../../tmp/chromatic--71865-018uYEyNvy9y/assets/entry-preview-fb6629d6.js                 1.12 kB │ gzip:   0.66 kB
../../../../tmp/chromatic--71865-018uYEyNvy9y/assets/index-11d98b33.js                         2.59 kB │ gzip:   1.26 kB
../../../../tmp/chromatic--71865-018uYEyNvy9y/assets/preview-30b54f76.js                       3.21 kB │ gzip:   1.37 kB
../../../../tmp/chromatic--71865-018uYEyNvy9y/assets/Task.stories-468792f0.js                  3.66 kB │ gzip:   1.54 kB
../../../../tmp/chromatic--71865-018uYEyNvy9y/assets/iframe-c6d6fe1a.js                        4.13 kB │ gzip:   1.57 kB
../../../../tmp/chromatic--71865-018uYEyNvy9y/assets/TaskList.stories-309b1d07.js              4.20 kB │ gzip:   1.41 kB
../../../../tmp/chromatic--71865-018uYEyNvy9y/assets/preview-d01b88e8.js                       5.23 kB │ gzip:   2.39 kB
../../../../tmp/chromatic--71865-018uYEyNvy9y/assets/index-76fb7be0.js                         7.16 kB │ gzip:   2.91 kB
../../../../tmp/chromatic--71865-018uYEyNvy9y/assets/preview-da31036b.js                       7.62 kB │ gzip:   1.56 kB
../../../../tmp/chromatic--71865-018uYEyNvy9y/assets/preview-c56bf6ac.js                       8.28 kB │ gzip:   3.16 kB
../../../../tmp/chromatic--71865-018uYEyNvy9y/assets/Color-6VNJS4EI-e5fad486.js               31.00 kB │ gzip:  11.63 kB
../../../../tmp/chromatic--71865-018uYEyNvy9y/assets/preview-21802b0a.js                      72.07 kB │ gzip:  24.33 kB
../../../../tmp/chromatic--71865-018uYEyNvy9y/assets/_getPrototype-1e53b583.js                78.40 kB │ gzip:  23.40 kB
../../../../tmp/chromatic--71865-018uYEyNvy9y/assets/react-18-236157c6.js                    134.55 kB │ gzip:  43.44 kB
../../../../tmp/chromatic--71865-018uYEyNvy9y/assets/entry-preview-docs-17bdf6ae.js          212.41 kB │ gzip:  65.84 kB
../../../../tmp/chromatic--71865-018uYEyNvy9y/assets/DocsRenderer-NNNQARDV-c447d2b5.js       537.26 kB │ gzip: 175.11 kB
../../../../tmp/chromatic--71865-018uYEyNvy9y/assets/formatter-SWP5E3XI-fc43aac2.js          601.59 kB │ gzip: 185.01 kB
✓ built in 9.83s
info => Preview built (11 s)
info => Output directory: /tmp/chromatic--71865-018uYEyNvy9y
Done in 14.21s.
